============================================================
  Generated by:           Genus(TM) Synthesis Solution 19.12-s121_1
  Generated on:           Apr 01 2025  03:34:07 pm
  Module:                 MultTop
  Operating conditions:   PVT_0P7V_25C 
  Interconnect mode:      global
  Area mode:              physical library
============================================================


Path 1: MET (597 ps) Late External Delay Assertion at pin product[30]
           View: setup_view
          Group: clock
     Startpoint: (R) multiplier[3]
          Clock: (R) clock
       Endpoint: (R) product[30]
          Clock: (R) clock

                     Capture       Launch     
        Clock Edge:+    1500            0     
        Drv Adjust:+       0            0     
       Src Latency:+       0            0     
       Net Latency:+       0 (I)        0 (I) 
           Arrival:=    1500            0     
                                              
      Output Delay:-     150                  
     Required Time:=    1350                  
      Launch Clock:-       0                  
       Input Delay:-     150                  
         Data Path:-     603                  
             Slack:=     597                  

Exceptions/Constraints:
  input_delay              150             constraint.sdc_line_14_29_1 
  output_delay             150             constraint.sdc_line_15_33_1 

#----------------------------------------------------------------------------------------------------
# Timing Point   Flags   Arc   Edge          Cell           Fanout Load Trans Delay Arrival Instance 
#                                                                  (fF)  (ps)  (ps)   (ps)  Location 
#----------------------------------------------------------------------------------------------------
  multiplier[3]  <<<     -     R     (arrival)                  16 10.8     0     0     150    (-,-) 
  g17804__6260/Y -       A->Y  F     NAND2xp5_ASAP7_75t_SL       2  2.7    28    14     164    (-,-) 
  g17728__7482/Y -       A->Y  F     XOR2xp5_ASAP7_75t_SL        1  1.3    23    17     180    (-,-) 
  g17524__5526/Y -       B->Y  F     XNOR2xp5_ASAP7_75t_SL       2  2.0    29    22     203    (-,-) 
  g17440__7098/Y -       B->Y  R     XNOR2xp5_ASAP7_75t_SL       1  1.4    30    19     222    (-,-) 
  g17344__5115/Y -       A->Y  R     XOR2xp5_ASAP7_75t_SL        2  2.0    35    25     247    (-,-) 
  g17282__6783/Y -       B->Y  R     XNOR2xp5_ASAP7_75t_SL       1  1.4    31    17     264    (-,-) 
  g17222__7098/Y -       A->Y  R     XOR2xp5_ASAP7_75t_SL        2  2.0    36    25     289    (-,-) 
  g17178__3680/Y -       B->Y  R     XNOR2xp5_ASAP7_75t_SL       2  2.0    38    18     307    (-,-) 
  g17132__4733/Y -       A2->Y F     OAI22xp5_ASAP7_75t_SL       2  2.1    32    19     326    (-,-) 
  g17122__1705/Y -       B->Y  R     NAND2xp5_ASAP7_75t_SL       2  2.0    30    19     345    (-,-) 
  g17085__6783/Y -       A2->Y F     OAI21xp5_ASAP7_75t_SL       2  2.1    32    17     362    (-,-) 
  g17066__5122/Y -       B->Y  R     NAND2xp5_ASAP7_75t_SL       2  2.1    32    19     381    (-,-) 
  g17061/Y       -       A->Y  F     INVx1_ASAP7_75t_SL          1  0.9    13     7     388    (-,-) 
  g17051__2802/Y -       A->Y  R     MAJIxp5_ASAP7_75t_SL        2  2.0    39    19     407    (-,-) 
  g17024__9315/Y -       B->Y  F     NOR2xp33_ASAP7_75t_SL       2  2.0    43    26     433    (-,-) 
  g16998__5526/Y -       A->Y  R     NAND2xp5_ASAP7_75t_SL       2  2.2    35    23     456    (-,-) 
  g16976__1666/Y -       A1->Y F     OAI22xp5_ASAP7_75t_SL       2  2.1    32    19     475    (-,-) 
  g16967__7482/Y -       A->Y  R     NAND2xp5_ASAP7_75t_SL       3  2.9    38    24     499    (-,-) 
  g16963__5122/Y -       B3->Y R     OA33x2_ASAP7_75t_SL         1  0.9    10    21     520    (-,-) 
  g16957__3680/Y -       A2->Y F     OAI22xp5_ASAP7_75t_SL       3  2.8    41    17     537    (-,-) 
  g16948__2398/Y -       A1->Y R     AOI322xp5_ASAP7_75t_SL      2  2.0    58    31     568    (-,-) 
  g16943__7410/Y -       B->Y  F     NOR2xp33_ASAP7_75t_SL       2  2.1    47    30     598    (-,-) 
  g16939__6161/Y -       B->Y  R     NAND2xp5_ASAP7_75t_SL       2  2.0    32    22     619    (-,-) 
  g16935__5115/Y -       B->Y  F     NOR2xp33_ASAP7_75t_SL       2  2.1    44    26     645    (-,-) 
  g16930__1705/Y -       A2->Y R     AOI22xp5_ASAP7_75t_SL       2  2.0    38    22     667    (-,-) 
  g16929__3680/Y -       B->Y  F     NOR2xp33_ASAP7_75t_SL       2  2.1    44    27     693    (-,-) 
  g16927__5526/Y -       B->Y  R     NAND2xp5_ASAP7_75t_SL       2  2.1    32    22     715    (-,-) 
  g16926/Y       -       A->Y  F     INVx1_ASAP7_75t_SL          1  0.9    13     7     722    (-,-) 
  g16924__4319/Y -       B->Y  R     NAND2xp5_ASAP7_75t_SL       2  2.2    32    16     737    (-,-) 
  g16922__5107/Y -       B->Y  R     XOR2xp5_ASAP7_75t_SL        1  0.3    18    15     753    (-,-) 
  product[30]    <<<     -     R     (port)                      -    -     -     0     753    (-,-) 
#----------------------------------------------------------------------------------------------------


