============================================================
  Generated by:           Genus(TM) Synthesis Solution 19.12-s121_1
  Generated on:           Apr 01 2025  03:34:07 pm
  Module:                 MultTop
  Operating conditions:   PVT_0P7V_25C 
  Interconnect mode:      global
  Area mode:              physical library
============================================================

Timing
--------

Analysis view Clock Period 
---------------------------
setup_view    clock 1500.0 


 Analysis    Cost   Critical        Violating 
   View     Group  Path Slack  TNS    Paths   
----------------------------------------------
setup_view   clock      597.4  0.0          0 
           default   No paths  0.0          0 
----------------------------------------------
Total                         -0.0          0 
                                              

Instance Count
--------------
Leaf Instance Count             1079 
Physical Instance count            0 
Sequential Instance Count          0 
Combinational Instance Count    1079 
Hierarchical Instance Count        0 

Area
----
Cell Area                          1733.737
Physical Cell Area                 0.000
Total Cell Area (Cell+Physical)    1733.737
Net Area                           861.739
Total Area (Cell+Physical+Net)     2595.476

Max Fanout                         17 (multiplier[15])
Min Fanout                         1 (n_0)
Average Fanout                     2.1
Terms to net ratio                 3.0819
Terms to instance ratio            3.1733
Runtime                            35.993455 seconds
Elapsed Runtime                    35 seconds
Genus peak memory usage            982.34 
Innovus peak memory usage          no_value 
Hostname                           hpc001
