###############################################################
#  Generated by:      Cadence Innovus 21.14-s109_1
#  OS:                Linux x86_64(Host ID hpc001)
#  Generated on:      Tue Apr  1 15:39:37 2025
#  Design:            MultTop
#  Command:           verify_drc
###############################################################
#set_verify_drc_mode -check_only regular -limit 100000 -report /home/yukunw/dacs-lab3/experiment/dacs2024/lab3/results/26631dadda_bit16fb6545dd58885bf2431c21988dff9e3bddef7e0086f449065a0c1e66cdebbb80/innovus-rundir/reports/chipdone_drv.rpt

VIAENCLOSURE: ( Enclosure ) Regular Wire of Net multiplier[1]  ( V3 )
Bounds : ( 30.348, 54.348 ) ( 30.420, 54.444 )


VIAENCLOSURE: ( Enclosure ) Regular Wire of Net multiplicand[7]  ( V3 )
Bounds : ( 36.828, 43.980 ) ( 36.900, 44.076 )


VIAENCLOSURE: ( Enclosure ) Regular Wire of Net multiplier[4]  ( V3 )
Bounds : ( 39.852, 45.708 ) ( 39.924, 45.804 )


VIAENCLOSURE: ( Enclosure ) Regular Wire of Net n_534  ( V3 )
Bounds : ( 43.740, 30.732 ) ( 43.812, 30.828 )


VIAENCLOSURE: ( Enclosure ) Regular Wire of Net multiplicand[9]  ( V3 )
Bounds : ( 45.900, 35.916 ) ( 45.972, 36.012 )


VIAENCLOSURE: ( Enclosure ) Regular Wire of Net n_426  ( V3 )
Bounds : ( 46.764, 36.108 ) ( 46.836, 36.204 )


VIAENCLOSURE: ( Enclosure ) Regular Wire of Net multiplicand[9]  ( V3 )
Bounds : ( 48.060, 32.460 ) ( 48.132, 32.556 )


VIAENCLOSURE: ( Enclosure ) Regular Wire of Net n_426  ( V3 )
Bounds : ( 49.356, 32.460 ) ( 49.428, 32.556 )


VIAENCLOSURE: ( Enclosure ) Regular Wire of Net multiplicand[7]  ( V3 )
Bounds : ( 50.220, 28.428 ) ( 50.292, 28.524 )


VIAENCLOSURE: ( Enclosure ) Regular Wire of Net multiplier[1]  ( V3 )
Bounds : ( 38.556, 37.068 ) ( 38.628, 37.164 )


VIAENCLOSURE: ( Enclosure ) Regular Wire of Net multiplier[4]  ( V3 )
Bounds : ( 39.852, 35.340 ) ( 39.924, 35.436 )


VIAENCLOSURE: ( Enclosure ) Regular Wire of Net n_54  ( V3 )
Bounds : ( 41.148, 34.764 ) ( 41.220, 34.860 )


VIAENCLOSURE: ( Enclosure ) Regular Wire of Net n_54  ( V3 )
Bounds : ( 42.012, 37.068 ) ( 42.084, 37.164 )


VIAENCLOSURE: ( Enclosure ) Regular Wire of Net n_556  ( V3 )
Bounds : ( 36.684, 28.428 ) ( 36.756, 28.524 )


VIAENCLOSURE: ( Enclosure ) Regular Wire of Net n_534  ( V3 )
Bounds : ( 37.692, 28.428 ) ( 37.764, 28.524 )


VIAENCLOSURE: ( Enclosure ) Regular Wire of Net multiplicand[7]  ( V3 )
Bounds : ( 38.556, 31.884 ) ( 38.628, 31.980 )


VIAENCLOSURE: ( Enclosure ) Regular Wire of Net multiplicand[11]  ( V3 )
Bounds : ( 39.852, 31.500 ) ( 39.924, 31.596 )


VIAENCLOSURE: ( Enclosure ) Regular Wire of Net multiplier[4]  ( V3 )
Bounds : ( 41.580, 28.044 ) ( 41.652, 28.140 )


VIAENCLOSURE: ( Enclosure ) Regular Wire of Net n_556  ( V3 )
Bounds : ( 42.444, 30.732 ) ( 42.516, 30.828 )


VIAENCLOSURE: ( Enclosure ) Regular Wire of Net multiplicand[6]  ( V3 )
Bounds : ( 23.004, 39.372 ) ( 23.076, 39.468 )


VIAENCLOSURE: ( Enclosure ) Regular Wire of Net multiplier[1]  ( V3 )
Bounds : ( 24.732, 43.980 ) ( 24.804, 44.076 )


VIAENCLOSURE: ( Enclosure ) Regular Wire of Net multiplicand[7]  ( V3 )
Bounds : ( 25.164, 32.460 ) ( 25.236, 32.556 )


VIAENCLOSURE: ( Enclosure ) Regular Wire of Net multiplier[3]  ( V3 )
Bounds : ( 27.036, 32.460 ) ( 27.108, 32.556 )


VIAENCLOSURE: ( Enclosure ) Regular Wire of Net multiplicand[14]  ( V3 )
Bounds : ( 42.876, 23.820 ) ( 42.948, 23.916 )


VIAENCLOSURE: ( Enclosure ) Regular Wire of Net multiplier[6]  ( V3 )
Bounds : ( 49.356, 26.700 ) ( 49.428, 26.796 )


VIAENCLOSURE: ( Enclosure ) Regular Wire of Net multiplier[6]  ( V3 )
Bounds : ( 38.988, 23.820 ) ( 39.060, 23.916 )


VIAENCLOSURE: ( Enclosure ) Regular Wire of Net multiplicand[14]  ( V3 )
Bounds : ( 40.716, 26.316 ) ( 40.788, 26.412 )


VIAENCLOSURE: ( Enclosure ) Regular Wire of Net multiplier[4]  ( V3 )
Bounds : ( 41.436, 22.092 ) ( 41.508, 22.188 )


VIAENCLOSURE: ( Enclosure ) Regular Wire of Net multiplicand[11]  ( V3 )
Bounds : ( 42.012, 22.092 ) ( 42.084, 22.188 )


VIAENCLOSURE: ( Enclosure ) Regular Wire of Net multiplier[4]  ( V3 )
Bounds : ( 37.404, 15.756 ) ( 37.476, 15.852 )


VIAENCLOSURE: ( Enclosure ) Regular Wire of Net multiplicand[15]  ( V3 )
Bounds : ( 37.692, 18.060 ) ( 37.764, 18.156 )


VIAENCLOSURE: ( Enclosure ) Regular Wire of Net multiplicand[10]  ( V3 )
Bounds : ( 38.556, 15.180 ) ( 38.628, 15.276 )


VIAENCLOSURE: ( Enclosure ) Regular Wire of Net multiplicand[13]  ( V3 )
Bounds : ( 39.276, 19.788 ) ( 39.348, 19.884 )


VIAENCLOSURE: ( Enclosure ) Regular Wire of Net multiplicand[14]  ( V3 )
Bounds : ( 40.716, 19.788 ) ( 40.788, 19.884 )


VIAENCLOSURE: ( Enclosure ) Regular Wire of Net multiplier[6]  ( V3 )
Bounds : ( 41.148, 15.180 ) ( 41.220, 15.276 )


VIAENCLOSURE: ( Enclosure ) Regular Wire of Net multiplicand[14]  ( V3 )
Bounds : ( 41.580, 16.908 ) ( 41.652, 17.004 )


VIAENCLOSURE: ( Enclosure ) Regular Wire of Net multiplier[8]  ( V3 )
Bounds : ( 32.076, 18.060 ) ( 32.148, 18.156 )


VIAENCLOSURE: ( Enclosure ) Regular Wire of Net multiplicand[8]  ( V3 )
Bounds : ( 29.340, 13.452 ) ( 29.412, 13.548 )


VIAENCLOSURE: ( Enclosure ) Regular Wire of Net multiplicand[8]  ( V3 )
Bounds : ( 34.236, 15.756 ) ( 34.308, 15.852 )


VIAENCLOSURE: ( Enclosure ) Regular Wire of Net n_1062  ( V3 )
Bounds : ( 43.740, 4.812 ) ( 43.812, 4.908 )


VIAENCLOSURE: ( Enclosure ) Regular Wire of Net multiplier[4]  ( V3 )
Bounds : ( 48.060, 6.540 ) ( 48.132, 6.636 )


VIAENCLOSURE: ( Enclosure ) Regular Wire of Net multiplicand[10]  ( V3 )
Bounds : ( 28.620, 6.540 ) ( 28.692, 6.636 )


VIAENCLOSURE: ( Enclosure ) Regular Wire of Net multiplier[8]  ( V3 )
Bounds : ( 29.916, 8.844 ) ( 29.988, 8.940 )


VIAENCLOSURE: ( Enclosure ) Regular Wire of Net multiplicand[10]  ( V3 )
Bounds : ( 30.780, 7.116 ) ( 30.852, 7.212 )


VIAENCLOSURE: ( Enclosure ) Regular Wire of Net multiplicand[11]  ( V3 )
Bounds : ( 35.100, 7.116 ) ( 35.172, 7.212 )


VIAENCLOSURE: ( Enclosure ) Regular Wire of Net multiplicand[14]  ( V3 )
Bounds : ( 37.836, 8.844 ) ( 37.908, 8.940 )


VIAENCLOSURE: ( Enclosure ) Regular Wire of Net multiplicand[13]  ( V3 )
Bounds : ( 40.284, 7.116 ) ( 40.356, 7.212 )


VIAENCLOSURE: ( Enclosure ) Regular Wire of Net n_473  ( V3 )
Bounds : ( 29.052, 2.508 ) ( 29.124, 2.604 )


VIAENCLOSURE: ( Enclosure ) Regular Wire of Net multiplicand[11]  ( V3 )
Bounds : ( 37.260, 0.204 ) ( 37.332, 0.300 )


VIAENCLOSURE: ( Enclosure ) Regular Wire of Net multiplicand[6]  ( V3 )
Bounds : ( 23.868, 18.060 ) ( 23.940, 18.156 )


VIAENCLOSURE: ( Enclosure ) Regular Wire of Net multiplicand[15]  ( V3 )
Bounds : ( 21.276, 15.756 ) ( 21.348, 15.852 )


VIAENCLOSURE: ( Enclosure ) Regular Wire of Net product[3]  ( V3 )
Bounds : ( 18.684, 26.700 ) ( 18.756, 26.796 )


VIAENCLOSURE: ( Enclosure ) Regular Wire of Net product[2]  ( V3 )
Bounds : ( 8.316, 23.820 ) ( 8.388, 23.916 )


VIAENCLOSURE: ( Enclosure ) Regular Wire of Net product[3]  ( V3 )
Bounds : ( 4.428, 26.700 ) ( 4.500, 26.796 )


VIAENCLOSURE: ( Enclosure ) Regular Wire of Net n_473  ( V3 )
Bounds : ( 25.596, 18.060 ) ( 25.668, 18.156 )


VIAENCLOSURE: ( Enclosure ) Regular Wire of Net n_1062  ( V3 )
Bounds : ( 22.572, 4.812 ) ( 22.644, 4.908 )


VIAENCLOSURE: ( Enclosure ) Regular Wire of Net multiplier[3]  ( V3 )
Bounds : ( 26.460, 9.420 ) ( 26.532, 9.516 )


  Total Violations : 57 Viols.
